
ROM used:   2790 (9%)
            2790 (9%) including unused fragments

            2 Average locations per line
            12 Average locations per statement

RAM used:   556 (36%) at main() level
            575 (37%) worst case

Stack used: 4/31 worst case (3 in main + 1 for interrupts)

Lines Stmts  %   Files
----- ----- ---  -----
   30     8   4  main.c
   19     0   0  main.h
  467     0   0  ..\..\..\..\System Files\Program Files\PICC\devices\18F4520.h
  423   125  55  ..\..\..\..\System Files\Program Files\PICC\drivers\string.h
   32     0   0  ..\..\..\..\System Files\Program Files\PICC\drivers\stddef.h
   28     0   0  ..\..\..\..\System Files\Program Files\PICC\drivers\ctype.h
  199    93  41  Esp8266.c
    9     0   0  Typedefs.h
----- -----
 1207   226 Total

Page ROM  %  RAM   Vol Diff  Functions:
---- --- --- ---   --- ----  ----------
0     40   1   1             @delay_ms1
0     76   1   1             @PUTCHAR_2_
0    142   3   9   318  6.5  strstr
0     50   1   4   127  3.5  Clear_ESPBuffer
0   1358  24  12  3341  7.9  ESP8266_Init
0      6   0   0   346  7.5  @const178
0     34   1   2   318  6.5  @PSTRINGC_115200_31766_31767
0     20   0   0   475  7.2  @const180
0     16   0   0   129  4.6  @const181
0     32   1   2   436  7.9  @PSTRINGC_69
0     36   1   0             @const183
0     14   0   0             @const184
0     26   0   0   222  7.1  @const185
0     16   0   0   224  6.7  @const186
0     14   0   0   127  3.5  @const187
0     10   0   0    20  1.1  @const188
0     18   0   0   145  2.2  @const189
0     14   0   0  1882 11.0  @const190
0     44   1   3  1075 11.2  @PSTRINGCN_115200_31766_31767
0     38   1   2             @PSTRINGR_115200_31766_31767
0     24   0   0  1542 12.4  @const195
0     22   0   0             @const196
0     12   0   0  2308 12.4  @const197
0     22   0   0  2354 12.5  @const198
0     14   0   0    27  1.5  @const199
0     14   0   0    53  2.6  @const200
0     42   1   0    92  3.2  @const201
0     24   0   0    63  3.1  @const202
0     28   1   0   110  3.0  @const203
0     22   0   0   110  3.0  @const204
0     18   0   0   101  3.8  @const205
0     18   0   0             @const206
0     26   0   0    39  2.1  @const207
0     14   0   0  1068 10.5  @const208
0     26   0   0             @const209
0     24   0   0   724  9.1  @const210
0     48   1   0             @goto10620
0     30   1   0    20  1.1  RDA_isr
0    188   3   0   145  2.2  MAIN
 Inline        0   180  4.5  @cinit1

Program metrics:
    Functions               31
    Statements              226
    Comments                288
    Volume (V)              29798
    Difficulty (D)          184.6
    Effort to implement (E) 5500851
    Time to implement (T)   84 hours, 53 minutes
    Est Delivered Bugs (B)  10
    Cyclomatic Complexity   96
    Maintainability (MI)    52

 Segment     Used  Free
-----------  ----  ----
00000-00002     4  0  
00004-00006     0  4  
00008-000AC   166  0  
000AE-07FFE  2620  29974  



